

1.    06/07/2021   03:25:03    :
   В каталоге D:/JAVA/online-chat/client создана директория 'doc'.
   В каталоге D:/JAVA/online-chat/client/doc создан файл '1.log'.

2.    06/07/2021   03:25:03
     from: you:
         1



1.    06/07/2021   03:25:03    :
   В каталоге D:/JAVA/online-chat/client получен доступ к директории 'doc'.
   В каталоге D:/JAVA/online-chat/client/doc открыт файл '1.log' для логгирования.

2.    06/07/2021   03:25:03
     from: you:
         text



1.    06/07/2021   03:25:03    :
   В каталоге D:/JAVA/online-chat/client получен доступ к директории 'doc'.
   В каталоге D:/JAVA/online-chat/client/doc открыт файл '1.log' для логгирования.

2.    06/07/2021   03:25:03
     from: you:
         body



1.    06/07/2021   05:49:32    :
   В каталоге D:/JAVA/online-chat/client получен доступ к директории 'doc'.
   В каталоге D:/JAVA/online-chat/client/doc открыт файл '1.log' для логгирования.

2.    06/07/2021   05:49:32
     from: you:
         1



1.    06/07/2021   05:49:32    :
   В каталоге D:/JAVA/online-chat/client получен доступ к директории 'doc'.
   В каталоге D:/JAVA/online-chat/client/doc открыт файл '1.log' для логгирования.

2.    06/07/2021   05:49:32
     from: you:
         text



1.    06/07/2021   05:49:32    :
   В каталоге D:/JAVA/online-chat/client получен доступ к директории 'doc'.
   В каталоге D:/JAVA/online-chat/client/doc открыт файл '1.log' для логгирования.

2.    06/07/2021   05:49:32
     from: you:
         body



1.    06/07/2021   06:01:15    :
   В каталоге D:/JAVA/online-chat/client получен доступ к директории 'doc'.
   В каталоге D:/JAVA/online-chat/client/doc открыт файл '1.log' для логгирования.

2.    06/07/2021   06:01:15
     from: you:
         1



1.    06/07/2021   06:01:15    :
   В каталоге D:/JAVA/online-chat/client получен доступ к директории 'doc'.
   В каталоге D:/JAVA/online-chat/client/doc открыт файл '1.log' для логгирования.

2.    06/07/2021   06:01:15
     from: you:
         text



1.    06/07/2021   06:01:15    :
   В каталоге D:/JAVA/online-chat/client получен доступ к директории 'doc'.
   В каталоге D:/JAVA/online-chat/client/doc открыт файл '1.log' для логгирования.

2.    06/07/2021   06:01:15
     from: you:
         body



1.    06/07/2021   06:02:03    :
   В каталоге D:/JAVA/online-chat/client получен доступ к директории 'doc'.
   В каталоге D:/JAVA/online-chat/client/doc открыт файл '1.log' для логгирования.

2.    06/07/2021   06:02:03
     from: you:
         1



1.    06/07/2021   06:02:03    :
   В каталоге D:/JAVA/online-chat/client получен доступ к директории 'doc'.
   В каталоге D:/JAVA/online-chat/client/doc открыт файл '1.log' для логгирования.

2.    06/07/2021   06:02:03
     from: you:
         text



1.    06/07/2021   06:02:03    :
   В каталоге D:/JAVA/online-chat/client получен доступ к директории 'doc'.
   В каталоге D:/JAVA/online-chat/client/doc открыт файл '1.log' для логгирования.

2.    06/07/2021   06:02:03
     from: you:
         body



1.    06/07/2021   06:02:41    :
   В каталоге D:/JAVA/online-chat/client получен доступ к директории 'doc'.
   В каталоге D:/JAVA/online-chat/client/doc открыт файл '1.log' для логгирования.

2.    06/07/2021   06:02:41
     from: you:
         1



1.    06/07/2021   06:02:41    :
   В каталоге D:/JAVA/online-chat/client получен доступ к директории 'doc'.
   В каталоге D:/JAVA/online-chat/client/doc открыт файл '1.log' для логгирования.

2.    06/07/2021   06:02:41
     from: you:
         text



1.    06/07/2021   06:02:41    :
   В каталоге D:/JAVA/online-chat/client получен доступ к директории 'doc'.
   В каталоге D:/JAVA/online-chat/client/doc открыт файл '1.log' для логгирования.

2.    06/07/2021   06:02:41
     from: you:
         body



1.    06/07/2021   06:03:24    :
   В каталоге D:/JAVA/online-chat/client получен доступ к директории 'doc'.
   В каталоге D:/JAVA/online-chat/client/doc открыт файл '1.log' для логгирования.

2.    06/07/2021   06:03:24
     from: you:
         1



1.    06/07/2021   06:03:24    :
   В каталоге D:/JAVA/online-chat/client получен доступ к директории 'doc'.
   В каталоге D:/JAVA/online-chat/client/doc открыт файл '1.log' для логгирования.

2.    06/07/2021   06:03:24
     from: you:
         text



1.    06/07/2021   06:03:24    :
   В каталоге D:/JAVA/online-chat/client получен доступ к директории 'doc'.
   В каталоге D:/JAVA/online-chat/client/doc открыт файл '1.log' для логгирования.

2.    06/07/2021   06:03:24
     from: you:
         body



1.    06/07/2021   06:03:51    :
   В каталоге D:/JAVA/online-chat/client получен доступ к директории 'doc'.
   В каталоге D:/JAVA/online-chat/client/doc открыт файл '1.log' для логгирования.

2.    06/07/2021   06:03:51
     from: you:
         1



1.    06/07/2021   06:03:51    :
   В каталоге D:/JAVA/online-chat/client получен доступ к директории 'doc'.
   В каталоге D:/JAVA/online-chat/client/doc открыт файл '1.log' для логгирования.

2.    06/07/2021   06:03:51
     from: you:
         text



1.    06/07/2021   06:03:51    :
   В каталоге D:/JAVA/online-chat/client получен доступ к директории 'doc'.
   В каталоге D:/JAVA/online-chat/client/doc открыт файл '1.log' для логгирования.

2.    06/07/2021   06:03:51
     from: you:
         body



1.    06/07/2021   06:06:33    :
   В каталоге D:/JAVA/online-chat/client получен доступ к директории 'doc'.
   В каталоге D:/JAVA/online-chat/client/doc открыт файл '1.log' для логгирования.

2.    06/07/2021   06:06:33
     from: you:
         1



1.    06/07/2021   06:06:33    :
   В каталоге D:/JAVA/online-chat/client получен доступ к директории 'doc'.
   В каталоге D:/JAVA/online-chat/client/doc открыт файл '1.log' для логгирования.

2.    06/07/2021   06:06:33
     from: you:
         text



1.    06/07/2021   06:06:33    :
   В каталоге D:/JAVA/online-chat/client получен доступ к директории 'doc'.
   В каталоге D:/JAVA/online-chat/client/doc открыт файл '1.log' для логгирования.

2.    06/07/2021   06:06:33
     from: you:
         body



1.    06/07/2021   06:07:16    :
   В каталоге D:/JAVA/online-chat/client получен доступ к директории 'doc'.
   В каталоге D:/JAVA/online-chat/client/doc открыт файл '1.log' для логгирования.

2.    06/07/2021   06:07:16
     from: you:
         1



1.    06/07/2021   06:07:16    :
   В каталоге D:/JAVA/online-chat/client получен доступ к директории 'doc'.
   В каталоге D:/JAVA/online-chat/client/doc открыт файл '1.log' для логгирования.

2.    06/07/2021   06:07:16
     from: you:
         text



1.    06/07/2021   06:07:16    :
   В каталоге D:/JAVA/online-chat/client получен доступ к директории 'doc'.
   В каталоге D:/JAVA/online-chat/client/doc открыт файл '1.log' для логгирования.

2.    06/07/2021   06:07:16
     from: you:
         body



1.    06/07/2021   07:52:06    :
   В каталоге D:/JAVA/online-chat/client получен доступ к директории 'doc'.
   В каталоге D:/JAVA/online-chat/client/doc открыт файл '1.log' для логгирования.

2.    06/07/2021   07:52:06
     from: you:
         1



3.    06/07/2021   07:52:06
     from: you:
         1



1.    06/07/2021   07:52:06    :
   В каталоге D:/JAVA/online-chat/client получен доступ к директории 'doc'.
   В каталоге D:/JAVA/online-chat/client/doc открыт файл '1.log' для логгирования.

2.    06/07/2021   07:52:06
     from: you:
         text



3.    06/07/2021   07:52:06
     from: you:
         text



1.    06/07/2021   07:52:06    :
   В каталоге D:/JAVA/online-chat/client получен доступ к директории 'doc'.
   В каталоге D:/JAVA/online-chat/client/doc открыт файл '1.log' для логгирования.

2.    06/07/2021   07:52:06
     from: you:
         body



3.    06/07/2021   07:52:06
     from: you:
         body



1.    06/07/2021   07:56:36    :
   В каталоге D:/JAVA/online-chat/client получен доступ к директории 'doc'.
   В каталоге D:/JAVA/online-chat/client/doc открыт файл '1.log' для логгирования.

2.    06/07/2021   07:56:36
     from: you:
         1



3.    06/07/2021   07:56:36
     from: you:
         1



1.    06/07/2021   07:56:36    :
   В каталоге D:/JAVA/online-chat/client получен доступ к директории 'doc'.
   В каталоге D:/JAVA/online-chat/client/doc открыт файл '1.log' для логгирования.

2.    06/07/2021   07:56:36
     from: you:
         text



3.    06/07/2021   07:56:36
     from: you:
         text



1.    06/07/2021   07:56:36    :
   В каталоге D:/JAVA/online-chat/client получен доступ к директории 'doc'.
   В каталоге D:/JAVA/online-chat/client/doc открыт файл '1.log' для логгирования.

2.    06/07/2021   07:56:36
     from: you:
         body



3.    06/07/2021   07:56:36
     from: you:
         body



1.    06/07/2021   08:16:02    :
   В каталоге D:/JAVA/online-chat/client получен доступ к директории 'doc'.
   В каталоге D:/JAVA/online-chat/client/doc открыт файл '1.log' для логгирования.

2.    06/07/2021   08:16:02
     from: you:
         1



3.    06/07/2021   08:16:02
     from: you:
         1



1.    06/07/2021   08:16:02    :
   В каталоге D:/JAVA/online-chat/client получен доступ к директории 'doc'.
   В каталоге D:/JAVA/online-chat/client/doc открыт файл '1.log' для логгирования.

2.    06/07/2021   08:16:02
     from: you:
         text



3.    06/07/2021   08:16:02
     from: you:
         text



1.    06/07/2021   08:16:02    :
   В каталоге D:/JAVA/online-chat/client получен доступ к директории 'doc'.
   В каталоге D:/JAVA/online-chat/client/doc открыт файл '1.log' для логгирования.

2.    06/07/2021   08:16:02
     from: you:
         body



3.    06/07/2021   08:16:02
     from: you:
         body

