

1.    06/07/2021   05:41:05    :
   В каталоге D:/JAVA/online-chat/client получен доступ к директории 'doc'.
   В каталоге D:/JAVA/online-chat/client/doc создан файл 'client2.log'.

2.    06/07/2021   05:41:05
     from: server:
         Welcome!



1.    06/07/2021   05:41:35    :
   В каталоге D:/JAVA/online-chat/client получен доступ к директории 'doc'.
   В каталоге D:/JAVA/online-chat/client/doc открыт файл 'client2.log' для логгирования.

2.    06/07/2021   05:41:35
     from: server:
         Welcome!



1.    06/07/2021   05:42:28    :
   В каталоге D:/JAVA/online-chat/client получен доступ к директории 'doc'.
   В каталоге D:/JAVA/online-chat/client/doc открыт файл 'client2.log' для логгирования.

2.    06/07/2021   05:42:28
     from: server:
         Welcome!



1.    06/07/2021   05:43:16    :
   В каталоге D:/JAVA/online-chat/client получен доступ к директории 'doc'.
   В каталоге D:/JAVA/online-chat/client/doc открыт файл 'client2.log' для логгирования.

2.    06/07/2021   05:43:16
     from: server:
         Welcome!



1.    06/07/2021   05:47:11    :
   В каталоге D:/JAVA/online-chat/client получен доступ к директории 'doc'.
   В каталоге D:/JAVA/online-chat/client/doc открыт файл 'client2.log' для логгирования.

2.    06/07/2021   05:47:11
     from: server:
         Welcome!



1.    06/07/2021   05:48:56    :
   В каталоге D:/JAVA/online-chat/client получен доступ к директории 'doc'.
   В каталоге D:/JAVA/online-chat/client/doc открыт файл 'client2.log' для логгирования.

2.    06/07/2021   05:48:56
     from: server:
         Welcome!



1.    06/07/2021   05:49:34    :
   В каталоге D:/JAVA/online-chat/client получен доступ к директории 'doc'.
   В каталоге D:/JAVA/online-chat/client/doc открыт файл 'client2.log' для логгирования.

2.    06/07/2021   05:49:34
     from: server:
         Welcome!



1.    06/07/2021   06:06:34    :
   В каталоге D:/JAVA/online-chat/client получен доступ к директории 'doc'.
   В каталоге D:/JAVA/online-chat/client/doc открыт файл 'client2.log' для логгирования.

2.    06/07/2021   06:06:34
     from: server:
         Welcome!



1.    06/07/2021   06:07:16    :
   В каталоге D:/JAVA/online-chat/client получен доступ к директории 'doc'.
   В каталоге D:/JAVA/online-chat/client/doc открыт файл 'client2.log' для логгирования.

2.    06/07/2021   06:07:16
     from: server:
         Welcome!



1.    06/07/2021   07:57:02    :
   В каталоге D:/JAVA/online-chat/client получен доступ к директории 'doc'.
   В каталоге D:/JAVA/online-chat/client/doc открыт файл 'client2.log' для логгирования.

2.    06/07/2021   07:57:02
     from: server:
         Welcome!



1.    06/07/2021   08:16:02    :
   В каталоге D:/JAVA/online-chat/client получен доступ к директории 'doc'.
   В каталоге D:/JAVA/online-chat/client/doc открыт файл 'client2.log' для логгирования.

2.    06/07/2021   08:16:02
     from: server:
         Welcome!

